生成启动时间为 2018/4/24 10:31:17。
     1>项目“E:\Study_code\Interviews\Coding offer\剑指offer源码\MoreThanHalfNumber\MoreThanHalfNumber.vcxproj”在节点 3 上(Build 个目标)。
     1>ClCompile:
         D:\Program Files (x86)\Microsoft Visual Studio 12.0\VC\bin\CL.exe /c /ZI /nologo /W3 /WX- /Od /Oy- /D WIN32 /D _DEBUG /D _CONSOLE /D _UNICODE /D UNICODE /Gm /EHsc /RTC1 /MDd /GS /fp:precise /Zc:wchar_t /Zc:forScope /Yc"stdafx.h" /Fp"Debug\29_MoreThanHalfNumber.pch" /Fo"Debug\\" /Fd"Debug\vc120.pdb" /Gd /TP /analyze- /errorReport:prompt stdafx.cpp
         stdafx.cpp
         D:\Program Files (x86)\Microsoft Visual Studio 12.0\VC\bin\CL.exe /c /ZI /nologo /W3 /WX- /Od /Oy- /D WIN32 /D _DEBUG /D _CONSOLE /D _UNICODE /D UNICODE /Gm /EHsc /RTC1 /MDd /GS /fp:precise /Zc:wchar_t /Zc:forScope /Yu"stdafx.h" /Fp"Debug\29_MoreThanHalfNumber.pch" /Fo"Debug\\" /Fd"Debug\vc120.pdb" /Gd /TP /analyze- /errorReport:prompt MoreThanHalfNumber.cpp
         MoreThanHalfNumber.cpp
       Link:
         D:\Program Files (x86)\Microsoft Visual Studio 12.0\VC\bin\link.exe /ERRORREPORT:PROMPT /OUT:"E:\Study_code\Interviews\Coding offer\剑指offer源码\Debug\29_MoreThanHalfNumber.exe" /INCREMENTAL /NOLOGO kernel32.lib user32.lib gdi32.lib winspool.lib comdlg32.lib advapi32.lib shell32.lib ole32.lib oleaut32.lib uuid.lib odbc32.lib odbccp32.lib /MANIFEST /MANIFESTUAC:"level='asInvoker' uiAccess='false'" /manifest:embed /DEBUG /PDB:"E:\Study_code\Interviews\Coding offer\剑指offer源码\Debug\29_MoreThanHalfNumber.pdb" /SUBSYSTEM:CONSOLE /TLBID:1 /DYNAMICBASE /NXCOMPAT /IMPLIB:"E:\Study_code\Interviews\Coding offer\剑指offer源码\Debug\29_MoreThanHalfNumber.lib" /MACHINE:X86 /SAFESEH Debug\MoreThanHalfNumber.obj
         Debug\stdafx.obj
     1>MoreThanHalfNumber.obj : warning LNK4075: 忽略“/EDITANDCONTINUE”(由于“/SAFESEH”规范)
     1>MoreThanHalfNumber.obj : error LNK2019: 无法解析的外部符号 "int __cdecl Partition(int * const,int,int,int)" (?Partition@@YAHQAHHHH@Z)，该符号在函数 "int __cdecl MoreThanHalfNum_Solution1(int *,int)" (?MoreThanHalfNum_Solution1@@YAHPAHH@Z) 中被引用
     1>E:\Study_code\Interviews\Coding offer\剑指offer源码\Debug\29_MoreThanHalfNumber.exe : fatal error LNK1120: 1 个无法解析的外部命令
     1>已完成生成项目“E:\Study_code\Interviews\Coding offer\剑指offer源码\MoreThanHalfNumber\MoreThanHalfNumber.vcxproj”(Build 个目标)的操作 - 失败。

生成失败。

已用时间 00:00:01.40
