生成启动时间为 2018/4/24 10:31:15。
     1>项目“E:\Study_code\Interviews\Coding offer\剑指offer源码\KLeastNumbers\KLeastNumbers.vcxproj”在节点 2 上(Build 个目标)。
     1>ClCompile:
         D:\Program Files (x86)\Microsoft Visual Studio 12.0\VC\bin\CL.exe /c /ZI /nologo /W3 /WX- /Od /Oy- /D WIN32 /D _DEBUG /D _CONSOLE /D _UNICODE /D UNICODE /Gm /EHsc /RTC1 /MDd /GS /fp:precise /Zc:wchar_t /Zc:forScope /Yc"stdafx.h" /Fp"Debug\30_KLeastNumbers.pch" /Fo"Debug\\" /Fd"Debug\vc120.pdb" /Gd /TP /analyze- /errorReport:prompt stdafx.cpp
         stdafx.cpp
         D:\Program Files (x86)\Microsoft Visual Studio 12.0\VC\bin\CL.exe /c /ZI /nologo /W3 /WX- /Od /Oy- /D WIN32 /D _DEBUG /D _CONSOLE /D _UNICODE /D UNICODE /Gm /EHsc /RTC1 /MDd /GS /fp:precise /Zc:wchar_t /Zc:forScope /Yu"stdafx.h" /Fp"Debug\30_KLeastNumbers.pch" /Fo"Debug\\" /Fd"Debug\vc120.pdb" /Gd /TP /analyze- /errorReport:prompt KLeastNumbers.cpp
         KLeastNumbers.cpp
     1>e:\study_code\interviews\coding offer\剑指offer源码\kleastnumbers\kleastnumbers.cpp(44): error C2065: “greater”: 未声明的标识符
     1>e:\study_code\interviews\coding offer\剑指offer源码\kleastnumbers\kleastnumbers.cpp(44): error C2062: 意外的类型“int”
     1>e:\study_code\interviews\coding offer\剑指offer源码\kleastnumbers\kleastnumbers.cpp(44): warning C4091: “typedef ”: 没有声明变量时忽略“std::multiset<int,std::less<_Kty>,std::allocator<_Kty>>”的左侧
                 with
                 [
                     _Kty=int
                 ]
     1>e:\study_code\interviews\coding offer\剑指offer源码\kleastnumbers\kleastnumbers.cpp(44): error C2143: 语法错误 : 缺少“;”(在“>”的前面)
     1>e:\study_code\interviews\coding offer\剑指offer源码\kleastnumbers\kleastnumbers.cpp(44): error C2059: 语法错误:“>”
     1>e:\study_code\interviews\coding offer\剑指offer源码\kleastnumbers\kleastnumbers.cpp(45): error C2065: “greater”: 未声明的标识符
     1>e:\study_code\interviews\coding offer\剑指offer源码\kleastnumbers\kleastnumbers.cpp(45): error C2062: 意外的类型“int”
     1>e:\study_code\interviews\coding offer\剑指offer源码\kleastnumbers\kleastnumbers.cpp(45): warning C4091: “typedef ”: 没有声明变量时忽略“std::multiset<int,std::less<_Kty>,std::allocator<_Kty>>”的左侧
                 with
                 [
                     _Kty=int
                 ]
     1>e:\study_code\interviews\coding offer\剑指offer源码\kleastnumbers\kleastnumbers.cpp(45): error C2143: 语法错误 : 缺少“;”(在“>”的前面)
     1>e:\study_code\interviews\coding offer\剑指offer源码\kleastnumbers\kleastnumbers.cpp(45): error C2059: 语法错误:“>”
     1>e:\study_code\interviews\coding offer\剑指offer源码\kleastnumbers\kleastnumbers.cpp(47): error C2061: 语法错误: 标识符“intSet”
     1>e:\study_code\interviews\coding offer\剑指offer源码\kleastnumbers\kleastnumbers.cpp(49): error C2065: “leastNumbers”: 未声明的标识符
     1>e:\study_code\interviews\coding offer\剑指offer源码\kleastnumbers\kleastnumbers.cpp(49): error C2228: “.clear”的左边必须有类/结构/联合
                 类型是“unknown-type”
     1>e:\study_code\interviews\coding offer\剑指offer源码\kleastnumbers\kleastnumbers.cpp(51): error C2065: “k”: 未声明的标识符
     1>e:\study_code\interviews\coding offer\剑指offer源码\kleastnumbers\kleastnumbers.cpp(57): error C2065: “leastNumbers”: 未声明的标识符
     1>e:\study_code\interviews\coding offer\剑指offer源码\kleastnumbers\kleastnumbers.cpp(57): error C2228: “.size”的左边必须有类/结构/联合
                 类型是“unknown-type”
     1>e:\study_code\interviews\coding offer\剑指offer源码\kleastnumbers\kleastnumbers.cpp(57): error C2065: “k”: 未声明的标识符
     1>e:\study_code\interviews\coding offer\剑指offer源码\kleastnumbers\kleastnumbers.cpp(58): error C2065: “leastNumbers”: 未声明的标识符
     1>e:\study_code\interviews\coding offer\剑指offer源码\kleastnumbers\kleastnumbers.cpp(58): error C2228: “.insert”的左边必须有类/结构/联合
                 类型是“unknown-type”
     1>e:\study_code\interviews\coding offer\剑指offer源码\kleastnumbers\kleastnumbers.cpp(62): error C2065: “setIterator”: 未声明的标识符
     1>e:\study_code\interviews\coding offer\剑指offer源码\kleastnumbers\kleastnumbers.cpp(62): error C2146: 语法错误: 缺少“;”(在标识符“iterGreatest”的前面)
     1>e:\study_code\interviews\coding offer\剑指offer源码\kleastnumbers\kleastnumbers.cpp(62): error C2065: “iterGreatest”: 未声明的标识符
     1>e:\study_code\interviews\coding offer\剑指offer源码\kleastnumbers\kleastnumbers.cpp(62): error C2065: “leastNumbers”: 未声明的标识符
     1>e:\study_code\interviews\coding offer\剑指offer源码\kleastnumbers\kleastnumbers.cpp(62): error C2228: “.begin”的左边必须有类/结构/联合
                 类型是“unknown-type”
     1>e:\study_code\interviews\coding offer\剑指offer源码\kleastnumbers\kleastnumbers.cpp(64): error C2065: “leastNumbers”: 未声明的标识符
     1>e:\study_code\interviews\coding offer\剑指offer源码\kleastnumbers\kleastnumbers.cpp(64): error C2228: “.begin”的左边必须有类/结构/联合
                 类型是“unknown-type”
     1>e:\study_code\interviews\coding offer\剑指offer源码\kleastnumbers\kleastnumbers.cpp(66): error C2065: “leastNumbers”: 未声明的标识符
     1>e:\study_code\interviews\coding offer\剑指offer源码\kleastnumbers\kleastnumbers.cpp(66): error C2228: “.erase”的左边必须有类/结构/联合
                 类型是“unknown-type”
     1>e:\study_code\interviews\coding offer\剑指offer源码\kleastnumbers\kleastnumbers.cpp(66): error C2065: “iterGreatest”: 未声明的标识符
     1>e:\study_code\interviews\coding offer\剑指offer源码\kleastnumbers\kleastnumbers.cpp(67): error C2065: “leastNumbers”: 未声明的标识符
     1>e:\study_code\interviews\coding offer\剑指offer源码\kleastnumbers\kleastnumbers.cpp(67): error C2228: “.insert”的左边必须有类/结构/联合
                 类型是“unknown-type”
     1>e:\study_code\interviews\coding offer\剑指offer源码\kleastnumbers\kleastnumbers.cpp(106): error C2065: “intSet”: 未声明的标识符
     1>e:\study_code\interviews\coding offer\剑指offer源码\kleastnumbers\kleastnumbers.cpp(106): error C2146: 语法错误: 缺少“;”(在标识符“leastNumbers”的前面)
     1>e:\study_code\interviews\coding offer\剑指offer源码\kleastnumbers\kleastnumbers.cpp(106): error C2065: “leastNumbers”: 未声明的标识符
     1>e:\study_code\interviews\coding offer\剑指offer源码\kleastnumbers\kleastnumbers.cpp(107): error C2065: “leastNumbers”: 未声明的标识符
     1>e:\study_code\interviews\coding offer\剑指offer源码\kleastnumbers\kleastnumbers.cpp(107): error C2660: “GetLeastNumbers_Solution2”: 函数不接受 3 个参数
     1>e:\study_code\interviews\coding offer\剑指offer源码\kleastnumbers\kleastnumbers.cpp(109): error C2065: “setIterator”: 未声明的标识符
     1>e:\study_code\interviews\coding offer\剑指offer源码\kleastnumbers\kleastnumbers.cpp(109): error C2146: 语法错误: 缺少“;”(在标识符“iter”的前面)
     1>e:\study_code\interviews\coding offer\剑指offer源码\kleastnumbers\kleastnumbers.cpp(109): error C2065: “iter”: 未声明的标识符
     1>e:\study_code\interviews\coding offer\剑指offer源码\kleastnumbers\kleastnumbers.cpp(109): error C2065: “leastNumbers”: 未声明的标识符
     1>e:\study_code\interviews\coding offer\剑指offer源码\kleastnumbers\kleastnumbers.cpp(109): error C2228: “.begin”的左边必须有类/结构/联合
                 类型是“unknown-type”
     1>e:\study_code\interviews\coding offer\剑指offer源码\kleastnumbers\kleastnumbers.cpp(109): error C2228: “.end”的左边必须有类/结构/联合
                 类型是“unknown-type”
     1>e:\study_code\interviews\coding offer\剑指offer源码\kleastnumbers\kleastnumbers.cpp(109): error C2143: 语法错误 : 缺少“)”(在“++”的前面)
     1>e:\study_code\interviews\coding offer\剑指offer源码\kleastnumbers\kleastnumbers.cpp(109): error C2059: 语法错误:“;”
     1>e:\study_code\interviews\coding offer\剑指offer源码\kleastnumbers\kleastnumbers.cpp(109): error C2059: 语法错误:“)”
     1>e:\study_code\interviews\coding offer\剑指offer源码\kleastnumbers\kleastnumbers.cpp(110): error C2146: 语法错误: 缺少“;”(在标识符“printf”的前面)
     1>e:\study_code\interviews\coding offer\剑指offer源码\kleastnumbers\kleastnumbers.cpp(110): error C2065: “iter”: 未声明的标识符
     1>已完成生成项目“E:\Study_code\Interviews\Coding offer\剑指offer源码\KLeastNumbers\KLeastNumbers.vcxproj”(Build 个目标)的操作 - 失败。

生成失败。

已用时间 00:00:01.50
